<?xml version="1.0" encoding="UTF-8"?>
<coverage generated="1683582620487" clover="3.2.0">
  <project timestamp="1683582620488" name="All files">
    <metrics statements="14" coveredstatements="1" conditionals="2" coveredconditionals="0" methods="4" coveredmethods="0" elements="20" coveredelements="1" complexity="0" loc="14" ncloc="14" packages="1" files="1" classes="1"/>
    <file name="ratingbreakdown.jsx" path="/home/naru/HR/atelier/client/src/components/reviews/ratingbreakdown.jsx">
      <metrics statements="14" coveredstatements="1" conditionals="2" coveredconditionals="0" methods="4" coveredmethods="0"/>
      <line num="3" count="1" type="stmt"/>
      <line num="4" count="0" type="stmt"/>
      <line num="7" count="0" type="stmt"/>
      <line num="8" count="0" type="stmt"/>
      <line num="9" count="0" type="cond" truecount="0" falsecount="2"/>
      <line num="10" count="0" type="stmt"/>
      <line num="11" count="0" type="stmt"/>
      <line num="12" count="0" type="stmt"/>
      <line num="13" count="0" type="stmt"/>
      <line num="15" count="0" type="stmt"/>
      <line num="16" count="0" type="stmt"/>
      <line num="18" count="0" type="stmt"/>
      <line num="19" count="0" type="stmt"/>
      <line num="22" count="0" type="stmt"/>
    </file>
  </project>
</coverage>
